\BOOKMARK [0][-]{chapter.1}{\376\377\000A\000b\000o\000u\000t}{}% 1
\BOOKMARK [-1][-]{part.1}{\376\377\000I\000\040\000A\000p\000p\000l\000i\000c\000a\000t\000i\000o\000n\000s}{}% 2
\BOOKMARK [0][-]{chapter.2}{\376\377\000I\000n\000t\000r\000o\000d\000u\000c\000t\000i\000o\000n}{part.1}% 3
\BOOKMARK [0][-]{chapter.3}{\376\377\000R\000\040\000B\000a\000s\000i\000c\000s}{part.1}% 4
\BOOKMARK [1][-]{section.3.1}{\376\377\000W\000h\000a\000t\000\040\000i\000s\000\040\000R}{chapter.3}% 5
\BOOKMARK [1][-]{section.3.2}{\376\377\000H\000o\000w\000\040\000t\000o\000\040\000i\000n\000s\000t\000a\000l\000l\000\040\000p\000a\000c\000k\000a\000g\000e\000s}{chapter.3}% 6
\BOOKMARK [1][-]{section.3.3}{\376\377\000P\000r\000e\000r\000e\000q\000u\000i\000s\000i\000t\000s}{chapter.3}% 7
\BOOKMARK [1][-]{section.3.4}{\376\377\000A\000\040\000g\000e\000n\000t\000l\000e\000\040\000Q\000u\000i\000c\000k\000\040\000n\000'\000\040\000D\000i\000r\000t\000y\000\040\000I\000n\000t\000r\000o\000d\000u\000c\000t\000i\000o\000n\000\040\000t\000o\000\040\000R}{chapter.3}% 8
\BOOKMARK [0][-]{chapter.4}{\376\377\000N\000e\000t\000w\000o\000r\000k\000\040\000N\000o\000m\000i\000n\000a\000t\000i\000o\000n\000\040\000D\000a\000t\000a}{part.1}% 9
\BOOKMARK [1][-]{section.4.1}{\376\377\000D\000a\000t\000a\000\040\000p\000r\000e\000p\000r\000o\000c\000e\000s\000s\000i\000n\000g}{chapter.4}% 10
\BOOKMARK [1][-]{section.4.2}{\376\377\000C\000r\000e\000a\000t\000i\000n\000g\000\040\000a\000\040\000n\000e\000t\000w\000o\000r\000k}{chapter.4}% 11
\BOOKMARK [1][-]{section.4.3}{\376\377\000N\000e\000t\000w\000o\000r\000k\000\040\000d\000e\000s\000c\000r\000i\000p\000t\000i\000v\000e\000\040\000s\000t\000a\000t\000s}{chapter.4}% 12
\BOOKMARK [1][-]{section.4.4}{\376\377\000P\000l\000o\000t\000t\000i\000n\000g\000\040\000t\000h\000e\000\040\000n\000e\000t\000w\000o\000r\000k\000\040\000i\000n\000\040\000i\000g\000r\000a\000p\000h}{chapter.4}% 13
\BOOKMARK [1][-]{section.4.5}{\376\377\000S\000t\000a\000t\000i\000s\000t\000i\000c\000a\000l\000\040\000t\000e\000s\000t\000s}{chapter.4}% 14
\BOOKMARK [0][-]{chapter.5}{\376\377\000E\000x\000p\000o\000n\000e\000n\000t\000i\000a\000l\000\040\000R\000a\000n\000d\000o\000m\000\040\000G\000r\000a\000p\000h\000\040\000M\000o\000d\000e\000l\000s}{part.1}% 15
\BOOKMARK [1][-]{section.5.1}{\376\377\000A\000\040\000n\000a\000\357\000v\000e\000\040\000e\000x\000a\000m\000p\000l\000e}{chapter.5}% 16
\BOOKMARK [1][-]{section.5.2}{\376\377\000E\000s\000t\000i\000m\000a\000t\000i\000o\000n\000\040\000o\000f\000\040\000E\000R\000G\000M\000s}{chapter.5}% 17
\BOOKMARK [1][-]{section.5.3}{\376\377\000T\000h\000e\000\040\000e\000r\000g\000m\000\040\000p\000a\000c\000k\000a\000g\000e}{chapter.5}% 18
\BOOKMARK [1][-]{section.5.4}{\376\377\000R\000u\000n\000n\000i\000n\000g\000\040\000E\000R\000G\000M\000s}{chapter.5}% 19
\BOOKMARK [1][-]{section.5.5}{\376\377\000M\000o\000d\000e\000l\000\040\000G\000o\000o\000d\000n\000e\000s\000s\000-\000o\000f\000-\000F\000i\000t}{chapter.5}% 20
\BOOKMARK [1][-]{section.5.6}{\376\377\000M\000o\000r\000e\000\040\000o\000n\000\040\000M\000C\000M\000C\000\040\000c\000o\000n\000v\000e\000r\000g\000e\000n\000c\000e}{chapter.5}% 21
\BOOKMARK [1][-]{section.5.7}{\376\377\000M\000a\000t\000h\000e\000m\000a\000t\000i\000c\000a\000l\000\040\000I\000n\000t\000e\000r\000p\000r\000e\000t\000a\000t\000i\000o\000n}{chapter.5}% 22
\BOOKMARK [1][-]{section.5.8}{\376\377\000M\000a\000r\000k\000o\000v\000\040\000i\000n\000d\000e\000p\000e\000n\000d\000e\000n\000c\000e}{chapter.5}% 23
\BOOKMARK [0][-]{chapter.6}{\376\377\000U\000s\000i\000n\000g\000\040\000c\000o\000n\000s\000t\000r\000a\000i\000n\000t\000s\000\040\000i\000n\000\040\000E\000R\000G\000M\000s}{part.1}% 24
\BOOKMARK [1][-]{section.6.1}{\376\377\000E\000x\000a\000m\000p\000l\000e\000\040\0001\000:\000\040\000I\000n\000t\000e\000r\000l\000o\000c\000k\000i\000n\000g\000\040\000e\000g\000o\000s\000\040\000a\000n\000d\000\040\000d\000i\000s\000c\000o\000n\000n\000e\000c\000t\000e\000d\000\040\000a\000l\000t\000e\000r\000s}{chapter.6}% 25
\BOOKMARK [1][-]{section.6.2}{\376\377\000E\000x\000a\000m\000p\000l\000e\000\040\0002\000:\000\040\000B\000i\000-\000p\000a\000r\000t\000i\000t\000e\000\040\000n\000e\000t\000w\000o\000r\000k\000s}{chapter.6}% 26
\BOOKMARK [0][-]{chapter.7}{\376\377\000\050\000S\000e\000p\000a\000r\000a\000b\000l\000e\000\051\000\040\000T\000e\000m\000p\000o\000r\000a\000l\000\040\000E\000x\000p\000o\000n\000e\000n\000t\000i\000a\000l\000\040\000F\000a\000m\000i\000l\000y\000\040\000R\000a\000n\000d\000o\000m\000\040\000G\000r\000a\000p\000h\000\040\000M\000o\000d\000e\000l\000s}{part.1}% 27
\BOOKMARK [0][-]{chapter.8}{\376\377\000S\000i\000m\000u\000l\000a\000t\000i\000n\000g\000\040\000a\000n\000d\000\040\000v\000i\000s\000u\000a\000l\000i\000z\000i\000n\000g\000\040\000n\000e\000t\000w\000o\000r\000k\000s}{part.1}% 28
\BOOKMARK [1][-]{section.8.1}{\376\377\000R\000a\000n\000d\000o\000m\000\040\000G\000r\000a\000p\000h\000\040\000M\000o\000d\000e\000l\000s}{chapter.8}% 29
\BOOKMARK [1][-]{section.8.2}{\376\377\000S\000o\000c\000i\000a\000l\000\040\000N\000e\000t\000w\000o\000r\000k\000s\000\040\000i\000n\000\040\000S\000c\000h\000o\000o\000l\000s}{chapter.8}% 30
\BOOKMARK [0][-]{chapter.9}{\376\377\000S\000t\000e\000p\000\040\0003\000:\000\040\000S\000i\000m\000u\000l\000a\000t\000e\000\040\000a\000\040\000g\000r\000a\000p\000h}{part.1}% 31
\BOOKMARK [1][-]{section.9.1}{\376\377\000V\000i\000s\000u\000a\000l\000i\000z\000i\000n\000g\000\040\000t\000h\000e\000\040\000n\000e\000t\000w\000o\000r\000k}{chapter.9}% 32
\BOOKMARK [0][-]{chapter.10}{\376\377\000H\000y\000p\000o\000t\000h\000e\000s\000i\000s\000\040\000t\000e\000s\000t\000i\000n\000g\000\040\000i\000n\000\040\000n\000e\000t\000w\000o\000r\000k\000s}{part.1}% 33
\BOOKMARK [1][-]{section.10.1}{\376\377\000C\000o\000m\000p\000a\000r\000i\000n\000g\000\040\000n\000e\000t\000w\000o\000r\000k\000s}{chapter.10}% 34
\BOOKMARK [1][-]{section.10.2}{\376\377\000E\000x\000a\000m\000p\000l\000e\000s}{chapter.10}% 35
\BOOKMARK [0][-]{chapter.11}{\376\377\000N\000e\000t\000w\000o\000r\000k\000\040\000d\000i\000f\000f\000u\000s\000s\000i\000o\000n\000\040\000w\000i\000t\000h\000\040\000n\000e\000t\000d\000i\000f\000f\000u\000s\000e\000R}{part.1}% 36
\BOOKMARK [1][-]{section.11.1}{\376\377\000N\000e\000t\000w\000o\000r\000k\000\040\000d\000i\000f\000f\000u\000s\000i\000o\000n\000\040\000o\000f\000\040\000i\000n\000n\000o\000v\000a\000t\000i\000o\000n}{chapter.11}% 37
\BOOKMARK [1][-]{section.11.2}{\376\377\000T\000h\000e\000\040\000n\000e\000t\000d\000i\000f\000f\000u\000s\000e\000R\000\040\000R\000\040\000p\000a\000c\000k\000a\000g\000e}{chapter.11}% 38
\BOOKMARK [1][-]{section.11.3}{\376\377\000S\000i\000m\000u\000l\000a\000t\000i\000o\000n\000\040\000o\000f\000\040\000d\000i\000f\000f\000u\000s\000i\000o\000n\000\040\000p\000r\000o\000c\000e\000s\000s\000e\000s}{chapter.11}% 39
\BOOKMARK [1][-]{section.11.4}{\376\377\000S\000t\000a\000t\000i\000s\000t\000i\000c\000a\000l\000\040\000i\000n\000f\000e\000r\000e\000n\000c\000e}{chapter.11}% 40
\BOOKMARK [0][-]{chapter.12}{\376\377\000S\000t\000o\000c\000h\000a\000s\000t\000i\000c\000\040\000A\000c\000t\000o\000r\000\040\000O\000r\000i\000e\000n\000t\000e\000d\000\040\000M\000o\000d\000e\000l\000s}{part.1}% 41
\BOOKMARK [-1][-]{part.2}{\376\377\000I\000I\000\040\000S\000t\000a\000t\000i\000s\000t\000i\000c\000a\000l\000\040\000F\000o\000u\000n\000d\000a\000t\000i\000o\000n\000s}{}% 42
\BOOKMARK [0][-]{section.12.1}{\376\377\000B\000a\000y\000e\000s\000'\000\040\000R\000u\000l\000e}{part.2}% 43
\BOOKMARK [1][-]{section.12.2}{\376\377\000M\000a\000r\000k\000o\000v\000\040\000C\000h\000a\000i\000n}{section.12.1}% 44
\BOOKMARK [0][-]{appendix.A}{\376\377\000D\000a\000t\000a\000s\000e\000t\000s}{part.2}% 45
\BOOKMARK [1][-]{section.A.1}{\376\377\000S\000N\000S\000\040\000d\000a\000t\000a}{appendix.A}% 46
\BOOKMARK [0][-]{appendix*.2}{\376\377\000R\000e\000f\000e\000r\000e\000n\000c\000e\000s}{part.2}% 47
